<?xml version="1.0" encoding="UTF-8"?>
<!-- Generated by org.testng.reporters.JUnitReportReporter -->
<testsuite hostname="DESKTOP-2F3S0DP" failures="0" tests="1" name="PostApiUsingPojo" time="0.289" errors="0" timestamp="05 Apr 2023 17:39:34 GMT" skipped="0">
  <testcase classname="PostApiUsingPojo" name="serializePojo" time="0.289"/>
</testsuite> <!-- PostApiUsingPojo -->
